This file contains any messages produced by compilers while
running configure, to aid debugging if configure makes a mistake.

It was created by click-multicast6 configure 1.5.0, which was
generated by GNU Autoconf 2.61.  Invocation command line was

  $ ./configure --enable-userlevel

## --------- ##
## Platform. ##
## --------- ##

hostname = localhost.localdomain
uname -m = i686
uname -r = 2.6.27.41-170.2.117.fc10.i686
uname -s = Linux
uname -v = #1 SMP Thu Dec 10 11:00:29 EST 2009

/usr/bin/uname -p = unknown
/bin/uname -X     = unknown

/bin/arch              = i686
/usr/bin/arch -k       = unknown
/usr/convex/getsysinfo = unknown
/usr/bin/hostinfo      = unknown
/bin/machine           = unknown
/usr/bin/oslevel       = unknown
/bin/universe          = unknown

PATH: /usr/lib/qt-3.3/bin
PATH: /usr/kerberos/sbin
PATH: /usr/kerberos/bin
PATH: /usr/lib/ccache
PATH: /usr/local/sbin
PATH: /usr/local/bin
PATH: /sbin
PATH: /bin
PATH: /usr/sbin
PATH: /usr/bin
PATH: /root/bin
PATH: /opt/rmi/1.5/mipscross/crosstool/gcc-3.4.3-glibc-2.3.6/mipsisa32-xlr-linux/bin
PATH: /opt/rmi/1.5/mipscross/nptl/bin
PATH: /opt/rmi/1.5/mipscross/elf/bin


## ----------- ##
## Core tests. ##
## ----------- ##

configure:1852: creating ./config.status

## ---------------------- ##
## Running config.status. ##
## ---------------------- ##

This file was extended by click-multicast6 config.status 1.5.0, which was
generated by GNU Autoconf 2.61.  Invocation command line was

  CONFIG_FILES    = 
  CONFIG_HEADERS  = 
  CONFIG_LINKS    = 
  CONFIG_COMMANDS = 
  $ ./config.status 

on localhost.localdomain

config.status:573: creating Makefile

## ---------------- ##
## Cache variables. ##
## ---------------- ##

ac_cv_env_build_alias_set=
ac_cv_env_build_alias_value=
ac_cv_env_host_alias_set=
ac_cv_env_host_alias_value=
ac_cv_env_target_alias_set=
ac_cv_env_target_alias_value=

## ----------------- ##
## Output variables. ##
## ----------------- ##

BUILD_BSDMODULE='0'
BUILD_LINUXMODULE='1'
BUILD_USERLEVEL='1'
CLICKPACKAGENAME='multicast6'
DEFS='-DPACKAGE_NAME=\"click-multicast6\" -DPACKAGE_TARNAME=\"click-multicast6\" -DPACKAGE_VERSION=\"1.5.0\" -DPACKAGE_STRING=\"click-multicast6\ 1.5.0\" -DPACKAGE_BUGREPORT=\"\"'
ECHO_C=''
ECHO_N='-n'
ECHO_T=''
LIBOBJS=''
LIBS=''
LTLIBOBJS=''
PACKAGE_BUGREPORT=''
PACKAGE_NAME='click-multicast6'
PACKAGE_STRING='click-multicast6 1.5.0'
PACKAGE_TARNAME='click-multicast6'
PACKAGE_VERSION='1.5.0'
PATH_SEPARATOR=':'
SHELL='/bin/sh'
ac_configure_args=' '\''--enable-userlevel'\'''
bindir='${exec_prefix}/bin'
build_alias=''
clickbindir='/usr/local/bin'
clickdatadir='/usr/local/share/click'
clickprefix='/usr/local'
clicksbindir='/usr/local/sbin'
datadir='${datarootdir}'
datarootdir='${prefix}/share'
docdir='${datarootdir}/doc/${PACKAGE_TARNAME}'
dvidir='${docdir}'
exec_prefix='${prefix}'
host_alias=''
htmldir='${docdir}'
includedir='${prefix}/include'
infodir='${datarootdir}/info'
libdir='${exec_prefix}/lib'
libexecdir='${exec_prefix}/libexec'
localedir='${datarootdir}/locale'
localstatedir='${prefix}/var'
mandir='${datarootdir}/man'
oldincludedir='/usr/include'
pdfdir='${docdir}'
prefix='/usr/local'
program_transform_name='s,x,x,'
psdir='${docdir}'
sbindir='${exec_prefix}/sbin'
sharedstatedir='${prefix}/com'
sysconfdir='${prefix}/etc'
target_alias=''

## ----------- ##
## confdefs.h. ##
## ----------- ##

#define PACKAGE_NAME "click-multicast6"
#define PACKAGE_TARNAME "click-multicast6"
#define PACKAGE_VERSION "1.5.0"
#define PACKAGE_STRING "click-multicast6 1.5.0"
#define PACKAGE_BUGREPORT ""

configure: exit 0
